<?xml version="1.0" encoding="UTF-8"?>
<testsuite xmlns:xsi="http://www.w3.org/2001/XMLSchema-instance" xsi:noNamespaceSchemaLocation="https://maven.apache.org/surefire/maven-surefire-plugin/xsd/surefire-test-report-3.0.xsd" version="3.0" name="edu.uw.cp520.scg.domain.ClientAccountTest" time="0.06" tests="8" errors="0" skipped="0" failures="0">
  <properties>
[...]
</properties>
  <testcase name="isBillableTrueTest" classname="edu.uw.cp520.scg.domain.ClientAccountTest" time="0.032"/>
  <testcase name="NotEqualAddressCompareToTest" classname="edu.uw.cp520.scg.domain.ClientAccountTest" time="0.002"/>
  <testcase name="personalNameTest" classname="edu.uw.cp520.scg.domain.ClientAccountTest" time="0.001"/>
  <testcase name="getContactTest" classname="edu.uw.cp520.scg.domain.ClientAccountTest" time="0"/>
  <testcase name="EqualCompareToTest" classname="edu.uw.cp520.scg.domain.ClientAccountTest" time="0.001"/>
  <testcase name="NotEqualNameCompareToTest" classname="edu.uw.cp520.scg.domain.ClientAccountTest" time="0.001"/>
  <testcase name="NotEqualContactCompareToTest" classname="edu.uw.cp520.scg.domain.ClientAccountTest" time="0.001"/>
  <testcase name="setContactTest" classname="edu.uw.cp520.scg.domain.ClientAccountTest" time="0.001"/>
</testsuite>